  Histogramas.cpp
C:\Users\USER\source\repos\Practica1.2\Histogramas.cpp(48,13): warning C4244: 'inicializando': conversión de 'unsigned __int64' a 'double'; posible pérdida de datos
C:\Users\USER\source\repos\Practica1.2\Histogramas.cpp(49,11): warning C4244: 'inicializando': conversión de 'double' a 'int'; posible pérdida de datos
C:\Users\USER\source\repos\Practica1.2\Histogramas.cpp(33,6): warning C4101: 'train': variable local sin referencia
C:\Users\USER\source\repos\Practica1.2\Histogramas.cpp(34,6): warning C4101: 'test': variable local sin referencia
C:\Users\USER\source\repos\Practica1.2\Histogramas.cpp(243,37): warning C4267: 'argumento': conversión de 'size_t' a 'int'; posible pérdida de datos
C:\Users\USER\source\repos\Practica1.2\Histogramas.cpp(243,67): warning C4267: 'argumento': conversión de 'size_t' a 'int'; posible pérdida de datos
C:\Users\USER\source\repos\Practica1.2\Histogramas.cpp(243,39): warning C4244: '=': conversión de '_Tp' a 'int'; posible pérdida de datos
          with
          [
              _Tp=float
          ]
C:\Users\USER\source\repos\Practica1.2\Histogramas.cpp(244,36): warning C4267: 'argumento': conversión de 'size_t' a 'int'; posible pérdida de datos
C:\Users\USER\source\repos\Practica1.2\Histogramas.cpp(244,66): warning C4267: 'argumento': conversión de 'size_t' a 'int'; posible pérdida de datos
C:\Users\USER\source\repos\Practica1.2\Histogramas.cpp(244,38): warning C4244: '=': conversión de '_Tp' a 'int'; posible pérdida de datos
          with
          [
              _Tp=float
          ]
C:\Users\USER\source\repos\Practica1.2\Histogramas.cpp(245,35): warning C4267: 'argumento': conversión de 'size_t' a 'int'; posible pérdida de datos
C:\Users\USER\source\repos\Practica1.2\Histogramas.cpp(245,65): warning C4267: 'argumento': conversión de 'size_t' a 'int'; posible pérdida de datos
C:\Users\USER\source\repos\Practica1.2\Histogramas.cpp(245,37): warning C4244: '=': conversión de '_Tp' a 'int'; posible pérdida de datos
          with
          [
              _Tp=float
          ]
C:\Users\USER\source\repos\Practica1.2\Histogramas.cpp(257,17): warning C4244: '=': conversión de 'double' a 'int'; posible pérdida de datos
C:\Users\USER\source\repos\Practica1.2\Histogramas.cpp(258,15): warning C4244: '=': conversión de 'double' a 'int'; posible pérdida de datos
C:\Users\USER\source\repos\Practica1.2\Histogramas.cpp(259,16): warning C4244: '=': conversión de 'double' a 'int'; posible pérdida de datos
  Practica1.2.vcxproj -> C:\Users\USER\source\repos\Practica1.2\x64\Debug\Practica1.2.exe
